
ROM used:   407/8192 (5%)
            407/8192 (5%) including unused fragments

            0.4 Average locations per line
            4.2 Average locations per statement

RAM used:   7/368 (2%) at main() level
            20/368 (5%) worst case

Stack used: 5 worst case (5 in main + 0 for interrupts)
Stack size: 8

Lines Stmts  %   Files
----- ----- ---  -----
   30    13  13  Pantalla LCD.c
  652     0   0  C:\Program Files (x86)\PICC\Devices\16F877.h
  456    84  87  C:\Program Files (x86)\PICC\Drivers\lcd.c
----- -----
 1138    97 Total

Page ROM  %  RAM    Vol Diff  Functions:
---- --- --- ---    --- ----  ----------
0     21   5    1             @delay_ms1
 Inline         3    596  5.9  lcd_read_byte
0      6   1    0     59  4.2  lcd_read_nibble
0     12   3    1    179  3.3  lcd_send_nibble
0     64  16    3    460  4.7  lcd_send_byte
0     62  15    6    814  7.2  lcd_init
0     18   4    4    208  6.3  lcd_gotoxy
0     44  11    1    354  4.7  lcd_putc
0     76  19    0    265  2.6  MAIN
0      4   1    0             @const671
0     86  21    4             @PSTRINGC7_656
0      2   0    0             @const676
0      2   0    0             @const677
0      2   0    0             @const678
0      2   0    0             @const679
0      2   0    0             @const680
 Inline         0             @cinit1

Program metrics:
    Functions               8
    Statements              97
    Comments                214
    Volume (V)              4471
    Difficulty (D)          36.7
    Effort to implement (E) 164174
    Time to implement (T)   2 hours, 32 minutes
    Est Delivered Bugs (B)  1
    Cyclomatic Complexity   11
    Maintainability (MI)    147

 Segment     Used  Free
-----------  ----  ----
00000-00003     4  0  
00004-007FF   403  1641  
00800-00FFF     0  2048  
01000-017FF     0  2048  
01800-01FFF     0  2048  



