
ROM used:   131/8192 (2%)
            131/8192 (2%) including unused fragments

            0.2 Average locations per line
            16.4 Average locations per statement

RAM used:   19/368 (5%) at main() level
            21/368 (6%) worst case

Stack used: 0 worst case (0 in main + 0 for interrupts)
Stack size: 8

Lines Stmts  %   Files
----- ----- ---  -----
   38     8 100  Ejercicio 2 Conversión a Display de 7 Segmentos.c
  652     0   0  C:\Program Files (x86)\PICC\Devices\16F877.h
----- -----
  690     8 Total

Page ROM  %  RAM    Vol Diff  Functions:
---- --- --- ---    --- ----  ----------
0     23  18    1             @delay_ms1
0     83  63    4    290  4.5  main
0     21  16    3             @DIV88
 Inline         0             @cinit1

Program metrics:
    Functions               1
    Statements              8
    Comments                136
    Volume (V)              296
    Difficulty (D)          4.1
    Effort to implement (E) 1199
    Time to implement (T)   1 minutes
    Est Delivered Bugs (B)  0
    Cyclomatic Complexity   1
    Maintainability (MI)    72

 Segment     Used  Free
-----------  ----  ----
00000-00003     4  0  
00004-007FF   127  1917  
00800-00FFF     0  2048  
01000-017FF     0  2048  
01800-01FFF     0  2048  



