
ROM used:   34/32768 (0%)
            34/32768 (0%) including unused fragments

            0.0 Average locations per line
            8.5 Average locations per statement

RAM used:   4/2048 (0%) at main() level
            4/2048 (0%) worst case

Stack used: 0 worst case (0 in main + 0 for interrupts)
Stack size: 31

Lines Stmts  %   Files
----- ----- ---  -----
   16     4 100  Foco con PIC.c
  852     0   0  C:\Program Files (x86)\PICC\Devices\18F4550.h
----- -----
  868     4 Total

Page ROM  %  RAM    Vol Diff  Functions:
---- --- --- ---    --- ----  ----------
0     30  44    0     48  1.4  main
 Inline         0             @cinit1

Program metrics:
    Functions               1
    Statements              4
    Comments                157
    Volume (V)              50
    Difficulty (D)          1.3
    Effort to implement (E) 63
    Time to implement (T)   0 minutes
    Est Delivered Bugs (B)  0
    Cyclomatic Complexity   1
    Maintainability (MI)    155

 Segment     Used  Free
-----------  ----  ----
00000-00002     4  0  
00004-07FFE    30  32734  



