
ROM used:   54/32768 (0%)
            54/32768 (0%) including unused fragments

            0.1 Average locations per line
            6.0 Average locations per statement

RAM used:   5/2048 (0%) at main() level
            5/2048 (0%) worst case

Stack used: 0 worst case (0 in main + 0 for interrupts)
Stack size: 31

Lines Stmts  %   Files
----- ----- ---  -----
   22     9 100  Foco segundo intento.c
  852     0   0  C:\Program Files (x86)\PICC\Devices\18F4550.h
----- -----
  874     9 Total

Page ROM  %  RAM    Vol Diff  Functions:
---- --- --- ---    --- ----  ----------
0     50  46    1    141  3.0  main
 Inline         0             @cinit1

Program metrics:
    Functions               1
    Statements              9
    Comments                158
    Volume (V)              143
    Difficulty (D)          2.8
    Effort to implement (E) 400
    Time to implement (T)   0 minutes
    Est Delivered Bugs (B)  0
    Cyclomatic Complexity   1
    Maintainability (MI)    139

 Segment     Used  Free
-----------  ----  ----
00000-00002     4  0  
00004-07FFE    50  32714  



