CCS PCH C Compiler, Version 5.076, 56587               05-mar.-24 22:03

               Filename:   F:\Foco con PIC\Foco segundo intento.lst

               ROM used:   54 bytes (0%)
                           Largest free fragment is 32714
               RAM used:   5 (0%) at main() level
                           5 (0%) worst case
               Stack used: 0 locations
               Stack size: 31

*
0000:  GOTO   0004
.................... #include <18F4550.h> 
.................... //////////// Standard Header file for the PIC18F4550 device //////////////// 
.................... /////////////////////////////////////////////////////////////////////////// 
.................... ////        (C) Copyright 1996, 2014 Custom Computer Services          //// 
.................... //// This source code may only be used by licensed users of the CCS C  //// 
.................... //// compiler.  This source code may only be distributed to other      //// 
.................... //// licensed users of the CCS C compiler.  No other use, reproduction //// 
.................... //// or distribution is permitted without written permission.          //// 
.................... //// Derivative programs created using this software in object code    //// 
.................... //// form are not restricted in any way.                               //// 
.................... /////////////////////////////////////////////////////////////////////////// 
.................... #device PIC18F4550 
....................  
.................... #list 
....................  
.................... #fuses HS, NOWDT, NOPROTECT, NOLVP 
.................... #use delay(clock=4000000) 
....................  
.................... #define BOTON PIN_A0 
.................... #define LED   PIN_A1 
....................  
.................... void main() { 
0004:  CLRF   FF8
0006:  BCF    FD0.7
0008:  MOVF   FC1,W
000A:  ANDLW  C0
000C:  IORLW  0F
000E:  MOVWF  FC1
0010:  MOVLW  07
0012:  MOVWF  FB4
....................     set_tris_a(0x01); // Configura RA0 como entrada 
0014:  MOVLW  01
0016:  MOVWF  F92
....................     output_low(LED);  // Asegura que el LED esté apagado al iniciar 
0018:  BCF    F92.1
001A:  BCF    F89.1
....................  
....................     while(TRUE) { 
....................         if (input(BOTON) == 0) { 
001C:  BSF    F92.0
001E:  BTFSC  F80.0
0020:  GOTO   002C
....................             output_high(LED); // Si el botón está presionado, enciende el LED 
0024:  BCF    F92.1
0026:  BSF    F89.1
....................         } else { 
0028:  GOTO   0030
....................             output_low(LED);  // Si el botón no está presionado, apaga el LED 
002C:  BCF    F92.1
002E:  BCF    F89.1
....................         } 
0030:  GOTO   001C
....................     } 
.................... } 
....................  
0034:  SLEEP 
....................  

Configuration Fuses:
   Word  1: CC3F   PLL12 CPUDIV4 USBDIV HS FCMEN IESO
   Word  2: 1E3E   PUT BROWNOUT BORV21 VREGEN NOWDT WDT32768
   Word  3: 8700   CCP2C1 PBADEN LPT1OSC MCLR
   Word  4: 00A1   STVREN NOLVP ICSP2 NOXINST NODEBUG
   Word  5: C00F   NOPROTECT NOCPB NOCPD
   Word  6: E00F   NOWRT NOWRTC NOWRTB NOWRTD
   Word  7: 400F   NOEBTR NOEBTRB
