
ROM used:   963/8192 (12%)
            963/8192 (12%) including unused fragments

            0.8 Average locations per line
            7.6 Average locations per statement

RAM used:   15/368 (4%) at main() level
            26/368 (7%) worst case

Stack used: 5 worst case (5 in main + 0 for interrupts)
Stack size: 8

Lines Stmts  %   Files
----- ----- ---  -----
   57    26  21  Ejercicio de aplicacion LCD.c
  684     0   0  C:\Program Files (x86)\PICC\Devices\16F877a.h
  456   100  79  C:\Program Files (x86)\PICC\Drivers\lcd.c
----- -----
 1197   126 Total

Page ROM  %  RAM    Vol Diff  Functions:
---- --- --- ---    --- ----  ----------
0     21   2    1             @delay_ms1
 Inline         3    760  4.5  lcd_read_byte
0     49   5    2    262  3.7  lcd_read_nibble
0     43   4    1    399  2.4  lcd_send_nibble
0     92  10    3    415  3.7  lcd_send_byte
0     70   7    6    852  6.2  lcd_init
0     18   2    4    208  6.3  lcd_gotoxy
0     44   5    1    354  4.7  lcd_putc
0    303  31    8   1285  4.4  MAIN
0      7   1    0             @const680
0     86   9    4             @PSTRINGC7_663
0      1   0    0             @const685
0      5   1    0             @const686
0     21   2    3             @DIV88
0     53   6    2             @PRINTF_U_663
0      1   0    0             @const694
0      7   1    0             @const695
0      7   1    0             @const696
0     87   9    5             @PSTRINGCN7_663
0     33   3    2             @PRINTF_X_663
0      1   0    0             @const702
0      4   0    0             @const703
0      1   0    0             @const705
0      4   0    0             @const706
0      1   0    0             @const708
 Inline         0             @cinit1

Program metrics:
    Functions               8
    Statements              126
    Comments                225
    Volume (V)              6746
    Difficulty (D)          33.5
    Effort to implement (E) 226295
    Time to implement (T)   3 hours, 30 minutes
    Est Delivered Bugs (B)  1
    Cyclomatic Complexity   8
    Maintainability (MI)    138

 Segment     Used  Free
-----------  ----  ----
00000-00003     4  0  
00004-007FF   959  1085  
00800-00FFF     0  2048  
01000-017FF     0  2048  
01800-01FFF     0  2048  



