CCS PCM C Compiler, Version 5.076, 56587               05-mar.-24 18:50

               Filename:   F:\Ejercicio de aplicación LCD\Ejercicio de aplicacion LCD.lst

               ROM used:   963 words (12%)
                           Largest free fragment is 2048
               RAM used:   15 (4%) at main() level
                           26 (7%) worst case
               Stack used: 5 locations
               Stack size: 8

*
0000:  MOVLW  02
0001:  MOVWF  0A
0002:  GOTO   294
0003:  NOP
.................... #include <16F877a.h> 
.................... //////////// Standard Header file for the PIC16F877A device //////////////// 
.................... /////////////////////////////////////////////////////////////////////////// 
.................... ////        (C) Copyright 1996, 2014 Custom Computer Services          //// 
.................... //// This source code may only be used by licensed users of the CCS C  //// 
.................... //// compiler.  This source code may only be distributed to other      //// 
.................... //// licensed users of the CCS C compiler.  No other use, reproduction //// 
.................... //// or distribution is permitted without written permission.          //// 
.................... //// Derivative programs created using this software in object code    //// 
.................... //// form are not restricted in any way.                               //// 
.................... /////////////////////////////////////////////////////////////////////////// 
.................... #device PIC16F877A 
0004:  DATA F8,1E
0005:  DATA 30,3C
0006:  DATA B4,18
0007:  DATA A0,3C
0008:  DATA 3D,18
0009:  DATA 78,23
000A:  DATA 41,00
000B:  DATA 0C,00
000C:  DATA C4,32
000D:  DATA E3,34
000E:  DATA ED,30
000F:  DATA 6C,1D
0010:  DATA 00,01
0011:  DATA 0C,00
0012:  DATA C8,32
0013:  DATA F8,30
0014:  DATA E4,32
0015:  DATA E3,34
0016:  DATA ED,30
0017:  DATA 6C,1D
0018:  DATA 00,01
0019:  DATA F8,1E
001A:  DATA 30,3C
001B:  DATA 25,2C
001C:  DATA A0,3C
001D:  DATA 3D,18
001E:  DATA F8,12
001F:  DATA 58,00
0020:  DATA 0C,00
0021:  DATA CF,31
0022:  DATA F4,30
0023:  DATA 6C,1D
0024:  DATA 00,01
0025:  DATA 0C,00
0026:  DATA C1,29
0027:  DATA C3,24
0028:  DATA 49,1D
0029:  DATA 00,01
002A:  DATA 0C,00
*
017C:  MOVF   0B,W
017D:  MOVWF  24
017E:  BCF    0B.7
017F:  BSF    03.5
0180:  BSF    03.6
0181:  BSF    0C.7
0182:  BSF    0C.0
0183:  NOP
0184:  NOP
0185:  BCF    03.5
0186:  BCF    03.6
0187:  BTFSC  24.7
0188:  BSF    0B.7
0189:  BSF    03.6
018A:  MOVF   0C,W
018B:  ANDLW  7F
018C:  BTFSC  03.2
018D:  GOTO   1D0
018E:  BCF    03.6
018F:  MOVWF  24
0190:  BSF    03.6
0191:  MOVF   0D,W
0192:  BCF    03.6
0193:  MOVWF  25
0194:  BSF    03.6
0195:  MOVF   0F,W
0196:  BCF    03.6
0197:  MOVWF  26
0198:  MOVF   24,W
0199:  MOVWF  2A
019A:  CALL   150
019B:  MOVF   25,W
019C:  BSF    03.6
019D:  MOVWF  0D
019E:  BCF    03.6
019F:  MOVF   26,W
01A0:  BSF    03.6
01A1:  MOVWF  0F
01A2:  BCF    03.6
01A3:  MOVF   0B,W
01A4:  MOVWF  27
01A5:  BCF    0B.7
01A6:  BSF    03.5
01A7:  BSF    03.6
01A8:  BSF    0C.7
01A9:  BSF    0C.0
01AA:  NOP
01AB:  NOP
01AC:  BCF    03.5
01AD:  BCF    03.6
01AE:  BTFSC  27.7
01AF:  BSF    0B.7
01B0:  BSF    03.6
01B1:  RLF    0C,W
01B2:  RLF    0E,W
01B3:  ANDLW  7F
01B4:  BTFSC  03.2
01B5:  GOTO   1D0
01B6:  BCF    03.6
01B7:  MOVWF  24
01B8:  BSF    03.6
01B9:  MOVF   0D,W
01BA:  BCF    03.6
01BB:  MOVWF  25
01BC:  BSF    03.6
01BD:  MOVF   0F,W
01BE:  BCF    03.6
01BF:  MOVWF  26
01C0:  MOVF   24,W
01C1:  MOVWF  2A
01C2:  CALL   150
01C3:  MOVF   25,W
01C4:  BSF    03.6
01C5:  MOVWF  0D
01C6:  BCF    03.6
01C7:  MOVF   26,W
01C8:  BSF    03.6
01C9:  MOVWF  0F
01CA:  INCF   0D,F
01CB:  BTFSC  03.2
01CC:  INCF   0F,F
01CD:  BCF    03.6
01CE:  GOTO   17C
01CF:  BSF    03.6
01D0:  BCF    03.6
01D1:  RETURN
01D2:  MOVF   27,W
01D3:  CLRF   78
01D4:  SUBWF  26,W
01D5:  BTFSC  03.0
01D6:  GOTO   1DA
01D7:  MOVF   26,W
01D8:  MOVWF  77
01D9:  GOTO   1E6
01DA:  CLRF   77
01DB:  MOVLW  08
01DC:  MOVWF  28
01DD:  RLF    26,F
01DE:  RLF    77,F
01DF:  MOVF   27,W
01E0:  SUBWF  77,W
01E1:  BTFSC  03.0
01E2:  MOVWF  77
01E3:  RLF    78,F
01E4:  DECFSZ 28,F
01E5:  GOTO   1DD
01E6:  RETURN
01E7:  MOVF   78,W
01E8:  MOVF   24,W
01E9:  MOVWF  26
01EA:  MOVLW  64
01EB:  MOVWF  27
01EC:  CALL   1D2
01ED:  MOVF   77,W
01EE:  MOVWF  24
01EF:  MOVF   78,W
01F0:  MOVLW  30
01F1:  BTFSS  03.2
01F2:  GOTO   1FA
01F3:  BTFSS  25.1
01F4:  GOTO   201
01F5:  BTFSC  25.3
01F6:  GOTO   201
01F7:  BTFSC  25.4
01F8:  MOVLW  20
01F9:  GOTO   1FD
01FA:  BCF    25.3
01FB:  BCF    25.4
01FC:  BSF    25.0
01FD:  ADDWF  78,F
01FE:  MOVF   78,W
01FF:  MOVWF  2A
0200:  CALL   150
0201:  MOVF   24,W
0202:  MOVWF  26
0203:  MOVLW  0A
0204:  MOVWF  27
0205:  CALL   1D2
0206:  MOVF   77,W
0207:  MOVWF  24
0208:  MOVF   78,W
0209:  MOVLW  30
020A:  BTFSS  03.2
020B:  GOTO   212
020C:  BTFSC  25.3
020D:  GOTO   216
020E:  BTFSS  25.0
020F:  GOTO   216
0210:  BTFSC  25.4
0211:  MOVLW  20
0212:  ADDWF  78,F
0213:  MOVF   78,W
0214:  MOVWF  2A
0215:  CALL   150
0216:  MOVLW  30
0217:  ADDWF  24,F
0218:  MOVF   24,W
0219:  MOVWF  2A
021A:  CALL   150
021B:  RETURN
021C:  MOVF   0B,W
021D:  MOVWF  25
021E:  BCF    0B.7
021F:  BSF    03.5
0220:  BSF    03.6
0221:  BSF    0C.7
0222:  BSF    0C.0
0223:  NOP
0224:  NOP
0225:  BCF    03.5
0226:  BCF    03.6
0227:  BTFSC  25.7
0228:  BSF    0B.7
0229:  BTFSC  03.0
022A:  GOTO   253
022B:  BSF    03.6
022C:  MOVF   0C,W
022D:  ANDLW  7F
022E:  BCF    03.6
022F:  MOVWF  25
0230:  BSF    03.6
0231:  MOVF   0D,W
0232:  BCF    03.6
0233:  MOVWF  26
0234:  BSF    03.6
0235:  MOVF   0F,W
0236:  BCF    03.6
0237:  MOVWF  27
0238:  MOVF   25,W
0239:  MOVWF  2A
023A:  CALL   150
023B:  MOVF   26,W
023C:  BSF    03.6
023D:  MOVWF  0D
023E:  BCF    03.6
023F:  MOVF   27,W
0240:  BSF    03.6
0241:  MOVWF  0F
0242:  BCF    03.6
0243:  MOVF   0B,W
0244:  MOVWF  28
0245:  BCF    0B.7
0246:  BSF    03.5
0247:  BSF    03.6
0248:  BSF    0C.7
0249:  BSF    0C.0
024A:  NOP
024B:  NOP
024C:  BCF    03.5
024D:  BCF    03.6
024E:  BTFSC  28.7
024F:  BSF    0B.7
0250:  DECFSZ 24,F
0251:  GOTO   253
0252:  GOTO   272
0253:  BSF    03.6
0254:  RLF    0C,W
0255:  RLF    0E,W
0256:  ANDLW  7F
0257:  BCF    03.6
0258:  MOVWF  25
0259:  BSF    03.6
025A:  MOVF   0D,W
025B:  BCF    03.6
025C:  MOVWF  26
025D:  BSF    03.6
025E:  MOVF   0F,W
025F:  BCF    03.6
0260:  MOVWF  27
0261:  MOVF   25,W
0262:  MOVWF  2A
0263:  CALL   150
0264:  MOVF   26,W
0265:  BSF    03.6
0266:  MOVWF  0D
0267:  BCF    03.6
0268:  MOVF   27,W
0269:  BSF    03.6
026A:  MOVWF  0F
026B:  INCF   0D,F
026C:  BTFSC  03.2
026D:  INCF   0F,F
026E:  BCF    03.0
026F:  BCF    03.6
0270:  DECFSZ 24,F
0271:  GOTO   21C
0272:  RETURN
0273:  BTFSC  25.7
0274:  GOTO   285
0275:  MOVLW  0F
0276:  MOVWF  77
0277:  SWAPF  24,W
0278:  ANDWF  77,F
0279:  MOVLW  0A
027A:  SUBWF  77,W
027B:  BTFSC  03.0
027C:  GOTO   280
027D:  MOVLW  30
027E:  ADDWF  77,F
027F:  GOTO   282
0280:  MOVF   25,W
0281:  ADDWF  77,F
0282:  MOVF   77,W
0283:  MOVWF  2A
0284:  CALL   150
0285:  MOVLW  0F
0286:  ANDWF  24,F
0287:  MOVLW  0A
0288:  SUBWF  24,W
0289:  BTFSC  03.0
028A:  GOTO   28D
028B:  MOVLW  30
028C:  GOTO   28F
028D:  BCF    25.7
028E:  MOVF   25,W
028F:  ADDWF  24,F
0290:  MOVF   24,W
0291:  MOVWF  2A
0292:  CALL   150
0293:  RETURN
....................  
.................... #list 
....................  
.................... #device adc=10 
.................... #use delay(clock=4000000) 
*
002B:  MOVLW  2B
002C:  MOVWF  04
002D:  BCF    03.7
002E:  MOVF   00,W
002F:  BTFSC  03.2
0030:  GOTO   03F
0031:  MOVLW  01
0032:  MOVWF  78
0033:  CLRF   77
0034:  DECFSZ 77,F
0035:  GOTO   034
0036:  DECFSZ 78,F
0037:  GOTO   033
0038:  MOVLW  4A
0039:  MOVWF  77
003A:  DECFSZ 77,F
003B:  GOTO   03A
003C:  GOTO   03D
003D:  DECFSZ 00,F
003E:  GOTO   031
003F:  RETURN
.................... #fuses XT, NOWDT, NOPROTECT, NOBROWNOUT, PUT, NOLVP 
....................  
.................... #byte PORTD = 0xF83 
.................... #byte TRISD = 0xF95 
....................  
.................... #define LCD_ENABLE_PIN  PIN_D0 
.................... #define LCD_RS_PIN      PIN_D1 
.................... #define LCD_RW_PIN      PIN_D2 
.................... #define LCD_DATA4       PIN_D4 
.................... #define LCD_DATA5       PIN_D5 
.................... #define LCD_DATA6       PIN_D6 
.................... #define LCD_DATA7       PIN_D7 
....................  
.................... #include <lcd.c> 
.................... /////////////////////////////////////////////////////////////////////////////// 
.................... ////                             LCD.C                                     //// 
.................... ////                 Driver for common LCD modules                         //// 
.................... ////                                                                       //// 
.................... ////  lcd_init()   Must be called before any other function.               //// 
.................... ////                                                                       //// 
.................... ////  lcd_putc(c)  Will display c on the next position of the LCD.         //// 
.................... ////                 \a  Set cursor position to upper left                 //// 
.................... ////                 \f  Clear display, set cursor to upper left           //// 
.................... ////                 \n  Go to start of second line                        //// 
.................... ////                 \b  Move back one position                            //// 
.................... ////              If LCD_EXTENDED_NEWLINE is defined, the \n character     //// 
.................... ////              will erase all remanining characters on the current      //// 
.................... ////              line, and move the cursor to the beginning of the next   //// 
.................... ////              line.                                                    //// 
.................... ////              If LCD_EXTENDED_NEWLINE is defined, the \r character     //// 
.................... ////              will move the cursor to the start of the current         //// 
.................... ////              line.                                                    //// 
.................... ////                                                                       //// 
.................... ////  lcd_gotoxy(x,y) Set write position on LCD (upper left is 1,1)        //// 
.................... ////                                                                       //// 
.................... ////  lcd_getc(x,y)   Returns character at position x,y on LCD             //// 
.................... ////                                                                       //// 
.................... ////  lcd_cursor_on(int1 on)   Turn the cursor on (on=TRUE) or off         //// 
.................... ////              (on=FALSE).                                              //// 
.................... ////                                                                       //// 
.................... ////  lcd_set_cgram_char(w, *p)   Write a custom character to the CGRAM.   //// 
.................... ////                                                                       //// 
.................... ////                                                                       //// 
.................... ////  CONFIGURATION                                                        //// 
.................... ////  The LCD can be configured in one of two ways: a.) port access or     //// 
.................... ////  b.) pin access.  Port access requires the entire 7 bit interface     //// 
.................... ////  connected to one GPIO port, and the data bits (D4:D7 of the LCD)     //// 
.................... ////  connected to sequential pins on the GPIO.  Pin access                //// 
.................... ////  has no requirements, all 7 bits of the control interface can         //// 
.................... ////  can be connected to any GPIO using several ports.                    //// 
.................... ////                                                                       //// 
.................... ////  To use port access, #define LCD_DATA_PORT to the SFR location of     //// 
.................... ////  of the GPIO port that holds the interface, -AND- edit LCD_PIN_MAP    //// 
.................... ////  of this file to configure the pin order.  If you are using a         //// 
.................... ////  baseline PIC (PCB), then LCD_OUTPUT_MAP and LCD_INPUT_MAP also must  //// 
.................... ////  be defined.                                                          //// 
.................... ////                                                                       //// 
.................... ////  Example of port access:                                              //// 
.................... ////     #define LCD_DATA_PORT getenv("SFR:PORTD")                         //// 
.................... ////                                                                       //// 
.................... ////  To use pin access, the following pins must be defined:               //// 
.................... ////     LCD_ENABLE_PIN                                                    //// 
.................... ////     LCD_RS_PIN                                                        //// 
.................... ////     LCD_RW_PIN                                                        //// 
.................... ////     LCD_DATA4                                                         //// 
.................... ////     LCD_DATA5                                                         //// 
.................... ////     LCD_DATA6                                                         //// 
.................... ////     LCD_DATA7                                                         //// 
.................... ////                                                                       //// 
.................... ////  Example of pin access:                                               //// 
.................... ////     #define LCD_ENABLE_PIN  PIN_E0                                    //// 
.................... ////     #define LCD_RS_PIN      PIN_E1                                    //// 
.................... ////     #define LCD_RW_PIN      PIN_E2                                    //// 
.................... ////     #define LCD_DATA4       PIN_D4                                    //// 
.................... ////     #define LCD_DATA5       PIN_D5                                    //// 
.................... ////     #define LCD_DATA6       PIN_D6                                    //// 
.................... ////     #define LCD_DATA7       PIN_D7                                    //// 
.................... ////                                                                       //// 
.................... /////////////////////////////////////////////////////////////////////////////// 
.................... ////        (C) Copyright 1996,2010 Custom Computer Services           //// 
.................... //// This source code may only be used by licensed users of the CCS C  //// 
.................... //// compiler.  This source code may only be distributed to other      //// 
.................... //// licensed users of the CCS C compiler.  No other use, reproduction //// 
.................... //// or distribution is permitted without written permission.          //// 
.................... //// Derivative programs created using this software in object code    //// 
.................... //// form are not restricted in any way.                               //// 
.................... /////////////////////////////////////////////////////////////////////////// 
....................  
.................... #ifndef __LCD_C__ 
.................... #define __LCD_C__ 
....................  
.................... // define the pinout. 
.................... // only required if port access is being used. 
.................... typedef struct   
.................... {                            // This structure is overlayed 
....................    int1 enable;           // on to an I/O port to gain 
....................    int1 rs;               // access to the LCD pins. 
....................    int1 rw;               // The bits are allocated from 
....................    int1 unused;           // low order up.  ENABLE will 
....................    unsigned int     data : 4;         // be LSB pin of that port. 
....................   #if defined(__PCD__)       // The port used will be LCD_DATA_PORT. 
....................    unsigned int    reserved: 8; 
....................   #endif 
.................... } LCD_PIN_MAP; 
....................  
.................... // this is to improve compatability with previous LCD drivers that accepted 
.................... // a define labeled 'use_portb_lcd' that configured the LCD onto port B. 
.................... #if ((defined(use_portb_lcd)) && (use_portb_lcd==TRUE)) 
....................  #define LCD_DATA_PORT getenv("SFR:PORTB") 
.................... #endif 
....................  
.................... #if defined(__PCB__) 
....................    // these definitions only need to be modified for baseline PICs. 
....................    // all other PICs use LCD_PIN_MAP or individual LCD_xxx pin definitions. 
.................... /*                                    EN, RS,   RW,   UNUSED,  DATA  */ 
....................  const LCD_PIN_MAP LCD_OUTPUT_MAP =  {0,  0,    0,    0,       0}; 
....................  const LCD_PIN_MAP LCD_INPUT_MAP =   {0,  0,    0,    0,       0xF}; 
.................... #endif 
....................  
.................... ////////////////////// END CONFIGURATION /////////////////////////////////// 
....................  
.................... #ifndef LCD_ENABLE_PIN 
....................    #define lcd_output_enable(x) lcdlat.enable=x 
....................    #define lcd_enable_tris()   lcdtris.enable=0 
.................... #else 
....................    #define lcd_output_enable(x) output_bit(LCD_ENABLE_PIN, x) 
....................    #define lcd_enable_tris()  output_drive(LCD_ENABLE_PIN) 
.................... #endif 
....................  
.................... #ifndef LCD_RS_PIN 
....................    #define lcd_output_rs(x) lcdlat.rs=x 
....................    #define lcd_rs_tris()   lcdtris.rs=0 
.................... #else 
....................    #define lcd_output_rs(x) output_bit(LCD_RS_PIN, x) 
....................    #define lcd_rs_tris()  output_drive(LCD_RS_PIN) 
.................... #endif 
....................  
.................... #ifndef LCD_RW_PIN 
....................    #define lcd_output_rw(x) lcdlat.rw=x 
....................    #define lcd_rw_tris()   lcdtris.rw=0 
.................... #else 
....................    #define lcd_output_rw(x) output_bit(LCD_RW_PIN, x) 
....................    #define lcd_rw_tris()  output_drive(LCD_RW_PIN) 
.................... #endif 
....................  
.................... // original version of this library incorrectly labeled LCD_DATA0 as LCD_DATA4, 
.................... // LCD_DATA1 as LCD_DATA5, and so on.  this block of code makes the driver 
.................... // compatible with any code written for the original library 
.................... #if (defined(LCD_DATA0) && defined(LCD_DATA1) && defined(LCD_DATA2) && defined(LCD_DATA3) && !defined(LCD_DATA4) && !defined(LCD_DATA5) && !defined(LCD_DATA6) && !defined(LCD_DATA7)) 
....................    #define  LCD_DATA4    LCD_DATA0 
....................    #define  LCD_DATA5    LCD_DATA1 
....................    #define  LCD_DATA6    LCD_DATA2 
....................    #define  LCD_DATA7    LCD_DATA3 
.................... #endif 
....................  
.................... #ifndef LCD_DATA4 
.................... #ifndef LCD_DATA_PORT 
....................    #if defined(__PCB__) 
....................       #define LCD_DATA_PORT      0x06     //portb 
....................       #define set_tris_lcd(x)   set_tris_b(x) 
....................    #else 
....................      #if defined(PIN_D0) 
....................       #define LCD_DATA_PORT      getenv("SFR:PORTD")     //portd 
....................      #else 
....................       #define LCD_DATA_PORT      getenv("SFR:PORTB")     //portb 
....................      #endif 
....................    #endif    
.................... #endif 
....................  
.................... #if defined(__PCB__) 
....................    LCD_PIN_MAP lcd, lcdlat; 
....................    #byte lcd = LCD_DATA_PORT 
....................    #byte lcdlat = LCD_DATA_PORT 
.................... #elif defined(__PCM__) 
....................    LCD_PIN_MAP lcd, lcdlat, lcdtris; 
....................    #byte lcd = LCD_DATA_PORT 
....................    #byte lcdlat = LCD_DATA_PORT 
....................    #byte lcdtris = LCD_DATA_PORT+0x80 
.................... #elif defined(__PCH__) 
....................    LCD_PIN_MAP lcd, lcdlat, lcdtris; 
....................    #byte lcd = LCD_DATA_PORT 
....................    #byte lcdlat = LCD_DATA_PORT+9 
....................    #byte lcdtris = LCD_DATA_PORT+0x12 
.................... #elif defined(__PCD__) 
....................    LCD_PIN_MAP lcd, lcdlat, lcdtris; 
....................    #word lcd = LCD_DATA_PORT 
....................    #word lcdlat = LCD_DATA_PORT+2 
....................    #word lcdtris = LCD_DATA_PORT-0x02 
.................... #endif 
.................... #endif   //LCD_DATA4 not defined 
....................  
.................... #ifndef LCD_TYPE 
....................    #define LCD_TYPE 2           // 0=5x7, 1=5x10, 2=2 lines 
.................... #endif 
....................  
.................... #ifndef LCD_LINE_TWO 
....................    #define LCD_LINE_TWO 0x40    // LCD RAM address for the second line 
.................... #endif 
....................  
.................... #ifndef LCD_LINE_LENGTH 
....................    #define LCD_LINE_LENGTH 20 
.................... #endif 
....................  
.................... unsigned int8 lcd_read_nibble(void); 
....................  
.................... unsigned int8 lcd_read_byte(void) 
.................... { 
....................    unsigned int8 low,high; 
....................  
....................  #if defined(__PCB__) 
....................    set_tris_lcd(LCD_INPUT_MAP); 
....................  #else 
....................   #if (defined(LCD_DATA4) && defined(LCD_DATA5) && defined(LCD_DATA6) && defined(LCD_DATA7)) 
....................    output_float(LCD_DATA4); 
*
00A4:  BSF    08.4
....................    output_float(LCD_DATA5); 
00A5:  BSF    08.5
....................    output_float(LCD_DATA6); 
00A6:  BSF    08.6
....................    output_float(LCD_DATA7); 
00A7:  BSF    08.7
....................   #else 
....................    lcdtris.data = 0xF; 
....................   #endif 
....................  #endif 
....................          
....................    lcd_output_rw(1); 
00A8:  BCF    03.5
00A9:  BSF    08.2
00AA:  BSF    03.5
00AB:  BCF    08.2
....................    delay_cycles(1); 
00AC:  NOP
....................    lcd_output_enable(1); 
00AD:  BCF    03.5
00AE:  BSF    08.0
00AF:  BSF    03.5
00B0:  BCF    08.0
....................    delay_cycles(1); 
00B1:  NOP
....................    high = lcd_read_nibble(); 
00B2:  BCF    03.5
00B3:  CALL   06B
00B4:  MOVF   78,W
00B5:  MOVWF  32
....................        
....................    lcd_output_enable(0); 
00B6:  BCF    08.0
00B7:  BSF    03.5
00B8:  BCF    08.0
....................    delay_cycles(1); 
00B9:  NOP
....................    lcd_output_enable(1); 
00BA:  BCF    03.5
00BB:  BSF    08.0
00BC:  BSF    03.5
00BD:  BCF    08.0
....................    delay_us(1); 
00BE:  NOP
....................    low = lcd_read_nibble(); 
00BF:  BCF    03.5
00C0:  CALL   06B
00C1:  MOVF   78,W
00C2:  MOVWF  31
....................        
....................    lcd_output_enable(0); 
00C3:  BCF    08.0
00C4:  BSF    03.5
00C5:  BCF    08.0
....................  
....................  #if defined(__PCB__) 
....................    set_tris_lcd(LCD_OUTPUT_MAP); 
....................  #else 
....................   #if (defined(LCD_DATA4) && defined(LCD_DATA5) && defined(LCD_DATA6) && defined(LCD_DATA7)) 
....................    output_drive(LCD_DATA4); 
00C6:  BCF    08.4
....................    output_drive(LCD_DATA5); 
00C7:  BCF    08.5
....................    output_drive(LCD_DATA6); 
00C8:  BCF    08.6
....................    output_drive(LCD_DATA7); 
00C9:  BCF    08.7
....................   #else 
....................    lcdtris.data = 0x0; 
....................   #endif 
....................  #endif 
....................  
....................    return( (high<<4) | low); 
00CA:  BCF    03.5
00CB:  SWAPF  32,W
00CC:  MOVWF  77
00CD:  MOVLW  F0
00CE:  ANDWF  77,F
00CF:  MOVF   77,W
00D0:  IORWF  31,W
00D1:  MOVWF  78
.................... } 
....................  
.................... unsigned int8 lcd_read_nibble(void) 
.................... { 
....................   #if (defined(LCD_DATA4) && defined(LCD_DATA5) && defined(LCD_DATA6) && defined(LCD_DATA7)) 
*
006B:  CLRF   33
....................    unsigned int8 n = 0x00; 
....................  
....................    /* Read the data port */ 
....................    n |= input(LCD_DATA4); 
006C:  BSF    03.5
006D:  BSF    08.4
006E:  MOVLW  00
006F:  BCF    03.5
0070:  BTFSC  08.4
0071:  MOVLW  01
0072:  IORWF  33,F
....................    n |= input(LCD_DATA5) << 1; 
0073:  BSF    03.5
0074:  BSF    08.5
0075:  MOVLW  00
0076:  BCF    03.5
0077:  BTFSC  08.5
0078:  MOVLW  01
0079:  MOVWF  77
007A:  BCF    03.0
007B:  RLF    77,F
007C:  MOVF   77,W
007D:  IORWF  33,F
....................    n |= input(LCD_DATA6) << 2; 
007E:  BSF    03.5
007F:  BSF    08.6
0080:  MOVLW  00
0081:  BCF    03.5
0082:  BTFSC  08.6
0083:  MOVLW  01
0084:  MOVWF  77
0085:  RLF    77,F
0086:  RLF    77,F
0087:  MOVLW  FC
0088:  ANDWF  77,F
0089:  MOVF   77,W
008A:  IORWF  33,F
....................    n |= input(LCD_DATA7) << 3; 
008B:  BSF    03.5
008C:  BSF    08.7
008D:  MOVLW  00
008E:  BCF    03.5
008F:  BTFSC  08.7
0090:  MOVLW  01
0091:  MOVWF  77
0092:  RLF    77,F
0093:  RLF    77,F
0094:  RLF    77,F
0095:  MOVLW  F8
0096:  ANDWF  77,F
0097:  MOVF   77,W
0098:  IORWF  33,F
....................     
....................    return(n); 
0099:  MOVF   33,W
009A:  MOVWF  78
....................   #else 
009B:  RETURN
....................    return(lcd.data); 
....................   #endif 
.................... } 
....................  
.................... void lcd_send_nibble(unsigned int8 n) 
.................... { 
....................   #if (defined(LCD_DATA4) && defined(LCD_DATA5) && defined(LCD_DATA6) && defined(LCD_DATA7)) 
....................    /* Write to the data port */ 
....................    output_bit(LCD_DATA4, bit_test(n, 0)); 
*
0040:  BTFSC  32.0
0041:  GOTO   044
0042:  BCF    08.4
0043:  GOTO   045
0044:  BSF    08.4
0045:  BSF    03.5
0046:  BCF    08.4
....................    output_bit(LCD_DATA5, bit_test(n, 1)); 
0047:  BCF    03.5
0048:  BTFSC  32.1
0049:  GOTO   04C
004A:  BCF    08.5
004B:  GOTO   04D
004C:  BSF    08.5
004D:  BSF    03.5
004E:  BCF    08.5
....................    output_bit(LCD_DATA6, bit_test(n, 2)); 
004F:  BCF    03.5
0050:  BTFSC  32.2
0051:  GOTO   054
0052:  BCF    08.6
0053:  GOTO   055
0054:  BSF    08.6
0055:  BSF    03.5
0056:  BCF    08.6
....................    output_bit(LCD_DATA7, bit_test(n, 3)); 
0057:  BCF    03.5
0058:  BTFSC  32.3
0059:  GOTO   05C
005A:  BCF    08.7
005B:  GOTO   05D
005C:  BSF    08.7
005D:  BSF    03.5
005E:  BCF    08.7
....................   #else       
....................    lcdlat.data = n; 
....................   #endif 
....................        
....................    delay_cycles(1); 
005F:  NOP
....................    lcd_output_enable(1); 
0060:  BCF    03.5
0061:  BSF    08.0
0062:  BSF    03.5
0063:  BCF    08.0
....................    delay_us(2); 
0064:  GOTO   065
....................    lcd_output_enable(0); 
0065:  BCF    03.5
0066:  BCF    08.0
0067:  BSF    03.5
0068:  BCF    08.0
0069:  BCF    03.5
006A:  RETURN
.................... } 
....................  
.................... void lcd_send_byte(unsigned int8 address, unsigned int8 n) 
.................... { 
....................   #if defined(__PCB__) 
....................    set_tris_lcd(LCD_OUTPUT_MAP); 
....................   #else 
....................    lcd_enable_tris(); 
*
009C:  BSF    03.5
009D:  BCF    08.0
....................    lcd_rs_tris(); 
009E:  BCF    08.1
....................    lcd_rw_tris(); 
009F:  BCF    08.2
....................   #endif 
....................  
....................    lcd_output_rs(0); 
00A0:  BCF    03.5
00A1:  BCF    08.1
00A2:  BSF    03.5
00A3:  BCF    08.1
....................    while ( bit_test(lcd_read_byte(),7) ) ; 
*
00D2:  MOVF   78,W
00D3:  MOVWF  31
00D4:  BTFSS  31.7
00D5:  GOTO   0D8
00D6:  BSF    03.5
00D7:  GOTO   0A4
....................    lcd_output_rs(address); 
00D8:  MOVF   2F,F
00D9:  BTFSS  03.2
00DA:  GOTO   0DD
00DB:  BCF    08.1
00DC:  GOTO   0DE
00DD:  BSF    08.1
00DE:  BSF    03.5
00DF:  BCF    08.1
....................    delay_cycles(1); 
00E0:  NOP
....................    lcd_output_rw(0); 
00E1:  BCF    03.5
00E2:  BCF    08.2
00E3:  BSF    03.5
00E4:  BCF    08.2
....................    delay_cycles(1); 
00E5:  NOP
....................    lcd_output_enable(0); 
00E6:  BCF    03.5
00E7:  BCF    08.0
00E8:  BSF    03.5
00E9:  BCF    08.0
....................    lcd_send_nibble(n >> 4); 
00EA:  BCF    03.5
00EB:  SWAPF  30,W
00EC:  MOVWF  31
00ED:  MOVLW  0F
00EE:  ANDWF  31,F
00EF:  MOVF   31,W
00F0:  MOVWF  32
00F1:  CALL   040
....................    lcd_send_nibble(n & 0xf); 
00F2:  MOVF   30,W
00F3:  ANDLW  0F
00F4:  MOVWF  31
00F5:  MOVWF  32
00F6:  CALL   040
00F7:  RETURN
.................... } 
....................  
.................... #if defined(LCD_EXTENDED_NEWLINE) 
.................... unsigned int8 g_LcdX, g_LcdY; 
.................... #endif 
....................  
.................... void lcd_init(void)  
.................... { 
....................    unsigned int8 i; 
....................    unsigned int8 LCD_INIT_STRING[4] = {0x20 | (LCD_TYPE << 2), 0xc, 1, 6}; 
00F8:  MOVLW  28
00F9:  MOVWF  25
00FA:  MOVLW  0C
00FB:  MOVWF  26
00FC:  MOVLW  01
00FD:  MOVWF  27
00FE:  MOVLW  06
00FF:  MOVWF  28
....................                              // These bytes need to be sent to the LCD 
....................                              // to start it up. 
....................     
....................  
....................    lcd_output_enable(0); 
0100:  BCF    08.0
0101:  BSF    03.5
0102:  BCF    08.0
....................    lcd_output_rs(0); 
0103:  BCF    03.5
0104:  BCF    08.1
0105:  BSF    03.5
0106:  BCF    08.1
....................    lcd_output_rw(0); 
0107:  BCF    03.5
0108:  BCF    08.2
0109:  BSF    03.5
010A:  BCF    08.2
....................  
....................  #if defined(__PCB__) 
....................    set_tris_lcd(LCD_OUTPUT_MAP); 
....................  #else 
....................   #if (defined(LCD_DATA4) && defined(LCD_DATA5) && defined(LCD_DATA6) && defined(LCD_DATA7)) 
....................    output_drive(LCD_DATA4); 
010B:  BCF    08.4
....................    output_drive(LCD_DATA5); 
010C:  BCF    08.5
....................    output_drive(LCD_DATA6); 
010D:  BCF    08.6
....................    output_drive(LCD_DATA7); 
010E:  BCF    08.7
....................   #else 
....................    lcdtris.data = 0x0; 
....................   #endif 
....................    lcd_enable_tris(); 
010F:  BCF    08.0
....................    lcd_rs_tris(); 
0110:  BCF    08.1
....................    lcd_rw_tris(); 
0111:  BCF    08.2
....................  #endif 
....................      
....................    delay_ms(15); 
0112:  MOVLW  0F
0113:  BCF    03.5
0114:  MOVWF  2B
0115:  CALL   02B
....................    for(i=1;i<=3;++i) 
0116:  MOVLW  01
0117:  MOVWF  24
0118:  MOVF   24,W
0119:  SUBLW  03
011A:  BTFSS  03.0
011B:  GOTO   124
....................    { 
....................        lcd_send_nibble(3); 
011C:  MOVLW  03
011D:  MOVWF  32
011E:  CALL   040
....................        delay_ms(5); 
011F:  MOVLW  05
0120:  MOVWF  2B
0121:  CALL   02B
0122:  INCF   24,F
0123:  GOTO   118
....................    } 
....................     
....................    lcd_send_nibble(2); 
0124:  MOVLW  02
0125:  MOVWF  32
0126:  CALL   040
....................    delay_ms(5); 
0127:  MOVLW  05
0128:  MOVWF  2B
0129:  CALL   02B
....................    for(i=0;i<=3;++i) 
012A:  CLRF   24
012B:  MOVF   24,W
012C:  SUBLW  03
012D:  BTFSS  03.0
012E:  GOTO   13B
....................       lcd_send_byte(0,LCD_INIT_STRING[i]); 
012F:  MOVLW  25
0130:  ADDWF  24,W
0131:  MOVWF  04
0132:  BCF    03.7
0133:  MOVF   00,W
0134:  MOVWF  29
0135:  CLRF   2F
0136:  MOVF   29,W
0137:  MOVWF  30
0138:  CALL   09C
....................  
....................   #if defined(LCD_EXTENDED_NEWLINE) 
0139:  INCF   24,F
013A:  GOTO   12B
013B:  BCF    0A.3
013C:  BCF    0A.4
013D:  GOTO   2A7 (RETURN)
....................    g_LcdX = 0; 
....................    g_LcdY = 0; 
....................   #endif 
.................... } 
....................  
.................... void lcd_gotoxy(unsigned int8 x, unsigned int8 y) 
.................... { 
....................    unsigned int8 address; 
....................     
....................    if(y!=1) 
013E:  DECFSZ 2C,W
013F:  GOTO   141
0140:  GOTO   144
....................       address=LCD_LINE_TWO; 
0141:  MOVLW  40
0142:  MOVWF  2D
0143:  GOTO   145
....................    else 
....................       address=0; 
0144:  CLRF   2D
....................       
....................    address+=x-1; 
0145:  MOVLW  01
0146:  SUBWF  2B,W
0147:  ADDWF  2D,F
....................    lcd_send_byte(0,0x80|address); 
0148:  MOVF   2D,W
0149:  IORLW  80
014A:  MOVWF  2E
014B:  CLRF   2F
014C:  MOVF   2E,W
014D:  MOVWF  30
014E:  CALL   09C
....................  
....................   #if defined(LCD_EXTENDED_NEWLINE) 
014F:  RETURN
....................    g_LcdX = x - 1; 
....................    g_LcdY = y - 1; 
....................   #endif 
.................... } 
....................  
.................... void lcd_putc(char c) 
.................... { 
....................    switch (c) 
0150:  MOVF   2A,W
0151:  XORLW  07
0152:  BTFSC  03.2
0153:  GOTO   15E
0154:  XORLW  0B
0155:  BTFSC  03.2
0156:  GOTO   163
0157:  XORLW  06
0158:  BTFSC  03.2
0159:  GOTO   16B
015A:  XORLW  02
015B:  BTFSC  03.2
015C:  GOTO   171
015D:  GOTO   176
....................    { 
....................       case '\a'   :  lcd_gotoxy(1,1);     break; 
015E:  MOVLW  01
015F:  MOVWF  2B
0160:  MOVWF  2C
0161:  CALL   13E
0162:  GOTO   17B
....................  
....................       case '\f'   :  lcd_send_byte(0,1); 
0163:  CLRF   2F
0164:  MOVLW  01
0165:  MOVWF  30
0166:  CALL   09C
....................                      delay_ms(2); 
0167:  MOVLW  02
0168:  MOVWF  2B
0169:  CALL   02B
....................                     #if defined(LCD_EXTENDED_NEWLINE) 
....................                      g_LcdX = 0; 
....................                      g_LcdY = 0; 
....................                     #endif 
....................                      break; 
016A:  GOTO   17B
....................  
....................      #if defined(LCD_EXTENDED_NEWLINE) 
....................       case '\r'   :  lcd_gotoxy(1, g_LcdY+1);   break; 
....................       case '\n'   : 
....................          while (g_LcdX++ < LCD_LINE_LENGTH) 
....................          { 
....................             lcd_send_byte(1, ' '); 
....................          } 
....................          lcd_gotoxy(1, g_LcdY+2); 
....................          break; 
....................      #else 
....................       case '\n'   : lcd_gotoxy(1,2);        break; 
016B:  MOVLW  01
016C:  MOVWF  2B
016D:  MOVLW  02
016E:  MOVWF  2C
016F:  CALL   13E
0170:  GOTO   17B
....................      #endif 
....................       
....................       case '\b'   : lcd_send_byte(0,0x10);  break; 
0171:  CLRF   2F
0172:  MOVLW  10
0173:  MOVWF  30
0174:  CALL   09C
0175:  GOTO   17B
....................       
....................      #if defined(LCD_EXTENDED_NEWLINE) 
....................       default     :  
....................          if (g_LcdX < LCD_LINE_LENGTH) 
....................          { 
....................             lcd_send_byte(1, c); 
....................             g_LcdX++; 
....................          } 
....................          break; 
....................      #else 
....................       default     : lcd_send_byte(1,c);     break; 
0176:  MOVLW  01
0177:  MOVWF  2F
0178:  MOVF   2A,W
0179:  MOVWF  30
017A:  CALL   09C
....................      #endif 
....................    } 
017B:  RETURN
.................... } 
....................   
.................... char lcd_getc(unsigned int8 x, unsigned int8 y) 
.................... { 
....................    char value; 
....................  
....................    lcd_gotoxy(x,y); 
....................    while ( bit_test(lcd_read_byte(),7) ); // wait until busy flag is low 
....................    lcd_output_rs(1); 
....................    value = lcd_read_byte(); 
....................    lcd_output_rs(0); 
....................     
....................    return(value); 
.................... } 
....................  
.................... // write a custom character to the ram 
.................... // which is 0-7 and specifies which character array we are modifying. 
.................... // ptr points to an array of 8 bytes, where each byte is the next row of 
.................... //    pixels.  only bits 0-4 are used.  the last row is the cursor row, and 
.................... //    usually you will want to leave this byte 0x00. 
.................... void lcd_set_cgram_char(unsigned int8 which, unsigned int8 *ptr) 
.................... { 
....................    unsigned int i; 
....................  
....................    which <<= 3; 
....................    which &= 0x38; 
....................  
....................    lcd_send_byte(0, 0x40 | which);  //set cgram address 
....................  
....................    for(i=0; i<8; i++) 
....................    { 
....................       lcd_send_byte(1, *ptr++); 
....................    } 
....................    
....................    #if defined(LCD_EXTENDED_NEWLINE) 
....................     lcd_gotoxy(g_LcdX+1, g_LcdY+1);  //set ddram address 
....................    #endif 
.................... } 
....................  
.................... void lcd_cursor_on(int1 on) 
.................... { 
....................    if (on) 
....................    { 
....................       lcd_send_byte(0,0x0F);           //turn LCD cursor ON 
....................    } 
....................    else 
....................    { 
....................       lcd_send_byte(0,0x0C);           //turn LCD cursor OFF 
....................    } 
.................... } 
....................  
.................... #endif 
....................  
....................  
.................... void main() { 
*
0294:  MOVF   03,W
0295:  ANDLW  1F
0296:  MOVWF  03
0297:  CLRF   21
0298:  CLRF   20
0299:  BSF    03.5
029A:  BSF    1F.0
029B:  BSF    1F.1
029C:  BSF    1F.2
029D:  BCF    1F.3
029E:  MOVLW  07
029F:  MOVWF  1C
02A0:  BCF    03.7
02A1:  MOVLW  41
02A2:  BCF    03.5
02A3:  MOVWF  22
02A4:  MOVLW  FA
02A5:  MOVWF  23
....................    int x = 0x41; 
....................    int y = 0xFA; 
....................  
....................    lcd_init(); 
02A6:  GOTO   0F8
....................    lcd_putc("x=0x41 y=0xFA"); 
02A7:  MOVLW  04
02A8:  BSF    03.6
02A9:  MOVWF  0D
02AA:  MOVLW  00
02AB:  MOVWF  0F
02AC:  BCF    03.6
02AD:  CALL   17C
....................    delay_ms(2000); 
02AE:  MOVLW  08
02AF:  MOVWF  24
02B0:  MOVLW  FA
02B1:  MOVWF  2B
02B2:  CALL   02B
02B3:  DECFSZ 24,F
02B4:  GOTO   2B0
....................    lcd_putc("\f"); 
02B5:  MOVLW  0B
02B6:  BSF    03.6
02B7:  MOVWF  0D
02B8:  MOVLW  00
02B9:  MOVWF  0F
02BA:  BCF    03.6
02BB:  CALL   17C
....................  
....................    lcd_putc("Decimal:"); 
02BC:  MOVLW  0C
02BD:  BSF    03.6
02BE:  MOVWF  0D
02BF:  MOVLW  00
02C0:  MOVWF  0F
02C1:  BCF    03.6
02C2:  CALL   17C
....................    lcd_gotoxy(1, 2); 
02C3:  MOVLW  01
02C4:  MOVWF  2B
02C5:  MOVLW  02
02C6:  MOVWF  2C
02C7:  CALL   13E
....................    printf(lcd_putc, "x=%u y=%u", x, y); 
02C8:  MOVLW  78
02C9:  MOVWF  2A
02CA:  CALL   150
02CB:  MOVLW  3D
02CC:  MOVWF  2A
02CD:  CALL   150
02CE:  MOVF   22,W
02CF:  MOVWF  24
02D0:  MOVLW  1B
02D1:  MOVWF  25
02D2:  CALL   1E7
02D3:  MOVLW  20
02D4:  MOVWF  2A
02D5:  CALL   150
02D6:  MOVLW  79
02D7:  MOVWF  2A
02D8:  CALL   150
02D9:  MOVLW  3D
02DA:  MOVWF  2A
02DB:  CALL   150
02DC:  MOVF   23,W
02DD:  MOVWF  24
02DE:  MOVLW  1B
02DF:  MOVWF  25
02E0:  CALL   1E7
....................    delay_ms(2000); 
02E1:  MOVLW  08
02E2:  MOVWF  24
02E3:  MOVLW  FA
02E4:  MOVWF  2B
02E5:  CALL   02B
02E6:  DECFSZ 24,F
02E7:  GOTO   2E3
....................    lcd_putc("\f"); 
02E8:  MOVLW  11
02E9:  BSF    03.6
02EA:  MOVWF  0D
02EB:  MOVLW  00
02EC:  MOVWF  0F
02ED:  BCF    03.6
02EE:  CALL   17C
....................  
....................    lcd_putc("Hexadecimal:"); 
02EF:  MOVLW  12
02F0:  BSF    03.6
02F1:  MOVWF  0D
02F2:  MOVLW  00
02F3:  MOVWF  0F
02F4:  BCF    03.6
02F5:  CALL   17C
....................    lcd_gotoxy(1, 2); 
02F6:  MOVLW  01
02F7:  MOVWF  2B
02F8:  MOVLW  02
02F9:  MOVWF  2C
02FA:  CALL   13E
....................    printf(lcd_putc, "x=0x%X y=0x%X", x, y); 
02FB:  MOVLW  19
02FC:  BSF    03.6
02FD:  MOVWF  0D
02FE:  MOVLW  00
02FF:  MOVWF  0F
0300:  BCF    03.0
0301:  MOVLW  04
0302:  BCF    03.6
0303:  MOVWF  24
0304:  CALL   21C
0305:  MOVF   22,W
0306:  MOVWF  24
0307:  MOVLW  37
0308:  MOVWF  25
0309:  CALL   273
030A:  MOVLW  1C
030B:  BSF    03.6
030C:  MOVWF  0D
030D:  MOVLW  00
030E:  MOVWF  0F
030F:  BCF    03.0
0310:  MOVLW  05
0311:  BCF    03.6
0312:  MOVWF  24
0313:  CALL   21C
0314:  MOVF   23,W
0315:  MOVWF  24
0316:  MOVLW  37
0317:  MOVWF  25
0318:  CALL   273
....................    delay_ms(2000); 
0319:  MOVLW  08
031A:  MOVWF  24
031B:  MOVLW  FA
031C:  MOVWF  2B
031D:  CALL   02B
031E:  DECFSZ 24,F
031F:  GOTO   31B
....................    lcd_putc("\f"); 
0320:  MOVLW  20
0321:  BSF    03.6
0322:  MOVWF  0D
0323:  MOVLW  00
0324:  MOVWF  0F
0325:  BCF    03.6
0326:  CALL   17C
....................  
....................    lcd_putc("Octal:"); 
0327:  MOVLW  21
0328:  BSF    03.6
0329:  MOVWF  0D
032A:  MOVLW  00
032B:  MOVWF  0F
032C:  BCF    03.6
032D:  CALL   17C
....................    lcd_gotoxy(1, 2); 
032E:  MOVLW  01
032F:  MOVWF  2B
0330:  MOVLW  02
0331:  MOVWF  2C
0332:  CALL   13E
....................    printf(lcd_putc, "x=%c%c%c y=%c%c%c", '0' + ((x >> 6) & 0x07), '0' + ((x >> 3) & 0x07), '0' + (x & 0x07), 
....................                                         '0' + ((y >> 6) & 0x07), '0' + ((y >> 3) & 0x07), '0' + (y & 0x07)); 
0333:  SWAPF  22,W
0334:  MOVWF  77
0335:  RRF    77,F
0336:  RRF    77,F
0337:  MOVLW  03
0338:  ANDWF  77,F
0339:  MOVF   77,W
033A:  ANDLW  07
033B:  ADDLW  30
033C:  MOVWF  24
033D:  RRF    22,W
033E:  MOVWF  77
033F:  RRF    77,F
0340:  RRF    77,F
0341:  MOVLW  1F
0342:  ANDWF  77,F
0343:  MOVF   77,W
0344:  ANDLW  07
0345:  ADDLW  30
0346:  MOVWF  25
0347:  MOVF   22,W
0348:  ANDLW  07
0349:  ADDLW  30
034A:  MOVWF  26
034B:  SWAPF  23,W
034C:  MOVWF  77
034D:  RRF    77,F
034E:  RRF    77,F
034F:  MOVLW  03
0350:  ANDWF  77,F
0351:  MOVF   77,W
0352:  ANDLW  07
0353:  ADDLW  30
0354:  MOVWF  27
0355:  RRF    23,W
0356:  MOVWF  77
0357:  RRF    77,F
0358:  RRF    77,F
0359:  MOVLW  1F
035A:  ANDWF  77,F
035B:  MOVF   77,W
035C:  ANDLW  07
035D:  ADDLW  30
035E:  MOVWF  28
035F:  MOVF   23,W
0360:  ANDLW  07
0361:  ADDLW  30
0362:  MOVWF  29
0363:  MOVLW  78
0364:  MOVWF  2A
0365:  CALL   150
0366:  MOVLW  3D
0367:  MOVWF  2A
0368:  CALL   150
0369:  MOVF   24,W
036A:  MOVWF  2A
036B:  CALL   150
036C:  MOVF   25,W
036D:  MOVWF  2A
036E:  CALL   150
036F:  MOVF   26,W
0370:  MOVWF  2A
0371:  CALL   150
0372:  MOVLW  20
0373:  MOVWF  2A
0374:  CALL   150
0375:  MOVLW  79
0376:  MOVWF  2A
0377:  CALL   150
0378:  MOVLW  3D
0379:  MOVWF  2A
037A:  CALL   150
037B:  MOVF   27,W
037C:  MOVWF  2A
037D:  CALL   150
037E:  MOVF   28,W
037F:  MOVWF  2A
0380:  CALL   150
0381:  MOVF   29,W
0382:  MOVWF  2A
0383:  CALL   150
....................    delay_ms(2000); 
0384:  MOVLW  08
0385:  MOVWF  24
0386:  MOVLW  FA
0387:  MOVWF  2B
0388:  CALL   02B
0389:  DECFSZ 24,F
038A:  GOTO   386
....................    lcd_putc("\f"); 
038B:  MOVLW  25
038C:  BSF    03.6
038D:  MOVWF  0D
038E:  MOVLW  00
038F:  MOVWF  0F
0390:  BCF    03.6
0391:  CALL   17C
....................  
....................    lcd_putc("ASCII:"); 
0392:  MOVLW  26
0393:  BSF    03.6
0394:  MOVWF  0D
0395:  MOVLW  00
0396:  MOVWF  0F
0397:  BCF    03.6
0398:  CALL   17C
....................    lcd_gotoxy(1, 2); 
0399:  MOVLW  01
039A:  MOVWF  2B
039B:  MOVLW  02
039C:  MOVWF  2C
039D:  CALL   13E
....................    printf(lcd_putc, "x=%c y=%c", x, y); 
039E:  MOVLW  78
039F:  MOVWF  2A
03A0:  CALL   150
03A1:  MOVLW  3D
03A2:  MOVWF  2A
03A3:  CALL   150
03A4:  MOVF   22,W
03A5:  MOVWF  2A
03A6:  CALL   150
03A7:  MOVLW  20
03A8:  MOVWF  2A
03A9:  CALL   150
03AA:  MOVLW  79
03AB:  MOVWF  2A
03AC:  CALL   150
03AD:  MOVLW  3D
03AE:  MOVWF  2A
03AF:  CALL   150
03B0:  MOVF   23,W
03B1:  MOVWF  2A
03B2:  CALL   150
....................    delay_ms(2000); 
03B3:  MOVLW  08
03B4:  MOVWF  24
03B5:  MOVLW  FA
03B6:  MOVWF  2B
03B7:  CALL   02B
03B8:  DECFSZ 24,F
03B9:  GOTO   3B5
....................    lcd_putc("\f"); 
03BA:  MOVLW  2A
03BB:  BSF    03.6
03BC:  MOVWF  0D
03BD:  MOVLW  00
03BE:  MOVWF  0F
03BF:  BCF    03.6
03C0:  CALL   17C
....................  
....................    while (true) { 
03C1:  GOTO   3C1
....................       // Loop infinito 
....................    } 
.................... } 
03C2:  SLEEP

Configuration Fuses:
   Word  1: 3F31   XT NOWDT PUT NOBROWNOUT NOLVP NOCPD NOWRT NODEBUG NOPROTECT
