
ROM used:   130/32768 (0%)
            130/32768 (0%) including unused fragments

            0.1 Average locations per line
            7.6 Average locations per statement

RAM used:   5/2048 (0%) at main() level
            6/2048 (0%) worst case

Stack used: 0 worst case (0 in main + 0 for interrupts)
Stack size: 31

Lines Stmts  %   Files
----- ----- ---  -----
   38    17 100  Relevador Mecanico con Transistor.c
  852     0   0  C:\Program Files (x86)\PICC\Devices\18f4550.h
----- -----
  890    17 Total

Page ROM  %  RAM    Vol Diff  Functions:
---- --- --- ---    --- ----  ----------
0     44  17    1             @delay_ms1
0     82  32    1    318  3.7  main
 Inline         0             @cinit1

Program metrics:
    Functions               1
    Statements              17
    Comments                166
    Volume (V)              323
    Difficulty (D)          3.4
    Effort to implement (E) 1114
    Time to implement (T)   1 minutes
    Est Delivered Bugs (B)  0
    Cyclomatic Complexity   2
    Maintainability (MI)    139

 Segment     Used  Free
-----------  ----  ----
00000-00002     4  0  
00004-07FFE   126  32638  



