
ROM used:   47/8192 (1%)
            47/8192 (1%) including unused fragments

            0.1 Average locations per line
            2.0 Average locations per statement

RAM used:   6/368 (2%) at main() level
            6/368 (2%) worst case

Stack used: 0 worst case (0 in main + 0 for interrupts)
Stack size: 8

Lines Stmts  %   Files
----- ----- ---  -----
   48    23 100  Ejercicio 1 Control de Switches y LEDs.c
  684     0   0  C:\Program Files (x86)\PICC\Devices\16f877a.h
----- -----
  732    23 Total

Page ROM  %  RAM    Vol Diff  Functions:
---- --- --- ---    --- ----  ----------
0     43  91    1    930  3.9  main
 Inline         0             @cinit1

Program metrics:
    Functions               1
    Statements              23
    Comments                135
    Volume (V)              933
    Difficulty (D)          3.8
    Effort to implement (E) 3574
    Time to implement (T)   3 minutes
    Est Delivered Bugs (B)  0
    Cyclomatic Complexity   4
    Maintainability (MI)    46

 Segment     Used  Free
-----------  ----  ----
00000-00003     4  0  
00004-007FF    43  2001  
00800-00FFF     0  2048  
01000-017FF     0  2048  
01800-01FFF     0  2048  



