
ROM used:   694/8192 (8%)
            694/8192 (8%) including unused fragments

            0.4 Average locations per line
            2.6 Average locations per statement

RAM used:   15/368 (4%) at main() level
            28/368 (8%) worst case

Stack used: 0 worst case (0 in main + 0 for interrupts)
Stack size: 8

Lines Stmts  %   Files
----- ----- ---  -----
   32    14   5  Matriz con botones.c
  684     0   0  C:\Program Files (x86)\PICC\Devices\16f877a.h
  456    84  31  C:\Program Files (x86)\PICC\Drivers\lcd.c
  135    40  15  C:\Program Files (x86)\PICC\Drivers\kbd.c
   37     0   0  C:\Program Files (x86)\PICC\Drivers\stdio.h
  435   129  48  C:\Program Files (x86)\PICC\Drivers\string.h
   32     0   0  C:\Program Files (x86)\PICC\Drivers\stddef.h
   28     0   0  C:\Program Files (x86)\PICC\Drivers\ctype.h
----- -----
 1839   267 Total

Page ROM  %  RAM    Vol Diff  Functions:
---- --- --- ---    --- ----  ----------
0     21   3    1             @delay_ms1
 Inline         3    596  5.9  lcd_read_byte
0      6   1    0     59  4.2  lcd_read_nibble
0     12   2    1    179  3.3  lcd_send_nibble
0     64   9    3    460  4.7  lcd_send_byte
0     62   9    6    814  7.2  lcd_init
0     18   3    4    208  6.3  lcd_gotoxy
0     44   6    1    354  4.7  lcd_putc
0     16   2    0     33  1.3  @const677
0      3   0    0      3  0.0  kbd_init
0    138  20    3   4708 10.8  kbd_getc
 Inline         2    214  3.4  @MUL88
0     95  14    2    369  5.0  MAIN
0     10   1    0             @const790
0     86  12    4             @PSTRINGC7_663
0     10   1    0             @const795
0     87  13    5             @PSTRINGCN7_663
0      8   1    0             @const798
0     10   1    0             @const799
 Inline         0             @cinit1

Program metrics:
    Functions               12
    Statements              267
    Comments                450
    Volume (V)              11113
    Difficulty (D)          55.2
    Effort to implement (E) 613894
    Time to implement (T)   9 hours, 28 minutes
    Est Delivered Bugs (B)  2
    Cyclomatic Complexity   23
    Maintainability (MI)    82

 Segment     Used  Free
-----------  ----  ----
00000-00003     4  0  
00004-007FF   690  1354  
00800-00FFF     0  2048  
01000-017FF     0  2048  
01800-01FFF     0  2048  



