
ROM used:   139/8192 (2%)
            139/8192 (2%) including unused fragments

            0.2 Average locations per line
            8.7 Average locations per statement

RAM used:   20/368 (5%) at main() level
            22/368 (6%) worst case

Stack used: 0 worst case (0 in main + 0 for interrupts)
Stack size: 8

Lines Stmts  %   Files
----- ----- ---  -----
   39    16 100  Contador de 0-99.c
  652     0   0  C:\Program Files (x86)\PICC\Devices\16F877.h
----- -----
  691    16 Total

Page ROM  %  RAM    Vol Diff  Functions:
---- --- --- ---    --- ----  ----------
0     23  17    1             @delay_ms1
0     91  65   15    631  6.1  main
0     21  15    3             @DIV88
 Inline         0             @cinit1

Program metrics:
    Functions               1
    Statements              16
    Comments                114
    Volume (V)              638
    Difficulty (D)          5.8
    Effort to implement (E) 3686
    Time to implement (T)   3 minutes
    Est Delivered Bugs (B)  0
    Cyclomatic Complexity   1
    Maintainability (MI)    55

 Segment     Used  Free
-----------  ----  ----
00000-00003     4  0  
00004-007FF   135  1909  
00800-00FFF     0  2048  
01000-017FF     0  2048  
01800-01FFF     0  2048  



